[Message:   BepInEx] BepInEx 5.4.21.0 - Lethal Company (25.08.2024 20:11:34)
[Info   :   BepInEx] Running under Unity v2022.3.9.15351836
[Info   :   BepInEx] CLR runtime version: 4.0.30319.42000
[Info   :   BepInEx] Supports SRE: True
[Info   :   BepInEx] System platform: Bits64, Windows
[Message:   BepInEx] Preloader started
[Info   :   BepInEx] Loaded 1 patcher method from [BepInEx.Preloader 5.4.21.0]
[Info   :   BepInEx] Loaded 1 patcher method from [BepInEx.MonoMod.HookGenPatcher 1.2.1.0]
[Info   :   BepInEx] 2 patcher plugins loaded
[Info   :HookGenPatcher] Previous MMHOOK location found. Using that location to save instead.
[Info   :HookGenPatcher] Already ran for this version, reusing that file.
[Info   :HookGenPatcher] Previous MMHOOK location found. Using that location to save instead.
[Info   :HookGenPatcher] Already ran for this version, reusing that file.
[Info   :HookGenPatcher] Previous MMHOOK location found. Using that location to save instead.
[Info   :HookGenPatcher] Already ran for this version, reusing that file.
[Info   :HookGenPatcher] Previous MMHOOK location found. Using that location to save instead.
[Info   :HookGenPatcher] Already ran for this version, reusing that file.
[Info   :HookGenPatcher] Previous MMHOOK location found. Using that location to save instead.
[Info   :HookGenPatcher] Already ran for this version, reusing that file.
[Info   :HookGenPatcher] Previous MMHOOK location found. Using that location to save instead.
[Info   :HookGenPatcher] Already ran for this version, reusing that file.
[Info   :   BepInEx] Patching [UnityEngine.CoreModule] with [BepInEx.Chainloader]
[Message:   BepInEx] Preloader finished
[Message:   BepInEx] Chainloader ready
[Message:   BepInEx] Chainloader started
[Info   :   BepInEx] 85 plugins to load
[Warning:   BepInEx] Skipping [Better Item Scan 3.0.0.2] because a newer version exists (Better Item Scan 3.0.0.2)
[Warning:   BepInEx] Skipping [BetterPaycheck 0.9.0] because a newer version exists (BetterPaycheck 0.9.0)
[Warning:   BepInEx] Skipping [CoilHeadStare 1.0.9] because a newer version exists (CoilHeadStare 1.0.9)
[Warning:   BepInEx] Skipping [ControlCompany 1.3.2] because a newer version exists (ControlCompany 1.3.2)
[Warning:   BepInEx] Skipping [ControlCompanyFilter 1.0.0] because a newer version exists (ControlCompanyFilter 1.0.0)
[Warning:   BepInEx] Skipping [Custom Boombox Music 1.4.0] because a newer version exists (Custom Boombox Music 1.4.0)
[Warning:   BepInEx] Skipping [Custom FOV 1.0.0] because a newer version exists (Custom FOV 1.0.0)
[Warning:   BepInEx] Skipping [Custom Sounds 2.3.2] because a newer version exists (Custom Sounds 2.3.2)
[Warning:   BepInEx] Skipping [DiscountAlert 2.3.0.0] because a newer version exists (DiscountAlert 2.3.0.0)
[Warning:   BepInEx] Skipping [FasterItemDropship 1.3.1] because a newer version exists (FasterItemDropship 1.3.1)
[Warning:   BepInEx] Skipping [Fix Resolution 1.0.0] because a newer version exists (Fix Resolution 1.0.0)
[Warning:   BepInEx] Skipping [Flashlight 1.5.0] because a newer version exists (Flashlight 1.5.0)
[Warning:   BepInEx] Skipping [HealthMetrics 1.0.0] because a newer version exists (HealthMetrics 1.0.0)
[Warning:   BepInEx] Skipping [Hide Player Names 1.0.1] because a newer version exists (Hide Player Names 1.0.1)
[Warning:   BepInEx] Skipping [HoldScanButton 1.0.0] because a newer version exists (HoldScanButton 1.0.0)
[Warning:   BepInEx] Skipping [Late Company 1.0.17] because a newer version exists (Late Company 1.0.17)
[Warning:   BepInEx] Skipping [LbToKg 1.0.0] because a newer version exists (LbToKg 1.0.0)
[Warning:   BepInEx] Skipping [OuijaBoard 1.5.3] because a newer version exists (OuijaBoard 1.5.3)
[Warning:   BepInEx] Skipping [LC Sound Tool 1.5.1] because a newer version exists (LC Sound Tool 1.5.1)
[Warning:   BepInEx] Skipping [LetMeLookDown 1.0.2] because a newer version exists (LetMeLookDown 1.0.2)
[Warning:   BepInEx] Skipping [Maxwell Scrap 1.0.1] because a newer version exists (Maxwell Scrap 1.0.1)
[Warning:   BepInEx] Skipping [MoreCompany 1.9.4] because a newer version exists (MoreCompany 1.9.4)
[Warning:   BepInEx] Skipping [OpenLib 0.1.8] because a newer version exists (OpenLib 0.1.8)
[Warning:   BepInEx] Skipping [SolarPerformanceEnhancer 1.3.6] because a newer version exists (SolarPerformanceEnhancer 1.3.6)
[Warning:   BepInEx] Skipping [PintoBoy 2.0.0] because a newer version exists (PintoBoy 2.0.0)
[Warning:   BepInEx] Skipping [Rubber Chicken 1.0.3] because a newer version exists (Rubber Chicken 1.0.3)
[Warning:   BepInEx] Skipping [Better Lobbies 1.1.1] because a newer version exists (Better Lobbies 1.1.1)
[Warning:   BepInEx] Skipping [SignalTranslatorAligner 1.0.0] because a newer version exists (SignalTranslatorAligner 1.0.0)
[Warning:   BepInEx] Skipping [Skinwalker Mod 5.0.0] because a newer version exists (Skinwalker Mod 5.0.0)
[Warning:   BepInEx] Skipping [SpectateEnemy 2.6.0] because a newer version exists (SpectateEnemy 2.6.0)
[Warning:   BepInEx] Skipping [Terminal History 1.0.4] because a newer version exists (Terminal History 1.0.4)
[Warning:   BepInEx] Skipping [Terminal Api 1.5.4] because a newer version exists (Terminal Api 1.5.4)
[Warning:   BepInEx] Skipping [Terminal Clock 1.0.5] because a newer version exists (Terminal Clock 1.0.5)
[Warning:   BepInEx] Skipping [TooManyEmotes 2.2.4] because a newer version exists (TooManyEmotes 2.2.4)
[Warning:   BepInEx] Skipping [TwoRadarMaps 1.4.2] because a newer version exists (TwoRadarMaps 1.4.2)
[Warning:   BepInEx] Skipping [WalkieUse 1.5.0] because a newer version exists (WalkieUse 1.5.0)
[Warning:   BepInEx] Skipping [Yippee tbh mod 1.2.4] because a newer version exists (Yippee tbh mod 1.2.4)
[Warning:   BepInEx] Plugin [BetterPaycheck 0.9.0] targets a wrong version of BepInEx (5.4.22.0) and might not work until you update
[Warning:   BepInEx] Plugin [Custom Boombox Music 1.4.0] targets a wrong version of BepInEx (5.4.22.0) and might not work until you update
[Warning:   BepInEx] Plugin [Custom FOV 1.0.0] targets a wrong version of BepInEx (5.4.22.0) and might not work until you update
[Warning:   BepInEx] Plugin [DiscountAlert 2.3.0.0] targets a wrong version of BepInEx (5.4.22.0) and might not work until you update
[Warning:   BepInEx] Plugin [Fix Resolution 1.0.0] targets a wrong version of BepInEx (5.4.22.0) and might not work until you update
[Warning:   BepInEx] Plugin [HealthMetrics 1.0.0] targets a wrong version of BepInEx (5.4.22.0) and might not work until you update
[Info   :   BepInEx] Loading [Terminal Api 1.5.4]
[Info   :Terminal Api] Plugin TerminalApi is loaded!
[Info   :   BepInEx] Loading [Terminal Clock 1.0.5]
[Info   :Terminal Clock] Plugin Terminal Clock is loaded!
[Info   :   BepInEx] Loading [Lethal Company Input Utils 0.7.7]
[Info   :Lethal Company Input Utils] Registered InputUtilsExtendedMouse Layout Override!
[Info   :Lethal Company Input Utils] InputUtils 0.7.7 has finished loading!
[Info   :   BepInEx] Loading [Terminal History 1.0.4]
[Info   :Terminal History] 


Plugin Terminal History is loaded!



[Info   :   BepInEx] Loading [HealthMetrics 1.0.0]
[Info   :Matsuura.HealthMetrics] HealthMetrics Awake
[Info   :   BepInEx] Loading [InsanityDisplay 1.2.2]
[Info   :InsanityDisplay] RGBA(0.451, 0.000, 0.651, 1.000) RGBA(0.451, 0.000, 0.651, 2.000)
[Debug  :InsanityDisplay] Found Matsuura.HealthMetrics
[Info   :InsanityDisplay] InsanityDisplay 1.2.2 loaded
[Info   :   BepInEx] Loading [MoreCompany 1.9.4]
[Warning:MoreCompany] SpringManAIIntervalPatch failed to replace newPlayerCount
[Warning:MoreCompany] SpectateNextPlayer failed to replace newPlayerCount: 0/2
[Info   :MoreCompany] Loading MoreCompany...
[Info   :MoreCompany] Loading SETTINGS...
[Info   :MoreCompany] Checking: D:\SteamLibrary\steamapps\common\Lethal Company\BepInEx\plugins/MoreCompanyCosmetics
[Info   :MoreCompany] Loading COSMETICS...
[Info   :MoreCompany] Loading DEFAULT COSMETICS...
[Info   :MoreCompany] Loaded cosmetic: builtin.3dglasses from bundle
[Info   :MoreCompany] Loaded cosmetic: builtin.bunnyears from bundle
[Info   :MoreCompany] Loaded cosmetic: builtin.denimhat from bundle
[Info   :MoreCompany] Loaded cosmetic: builtin.fancyglasses from bundle
[Info   :MoreCompany] Loaded cosmetic: builtin.partyglasses from bundle
[Info   :MoreCompany] Loaded cosmetic: builtin.gunholster from bundle
[Info   :MoreCompany] Loaded cosmetic: builtin.hardhat from bundle
[Info   :MoreCompany] Loaded cosmetic: builtin.jesterhat from bundle
[Info   :MoreCompany] Loaded cosmetic: builtin.kittyears from bundle
[Info   :MoreCompany] Loaded cosmetic: builtin.mimemask from bundle
[Info   :MoreCompany] Loaded cosmetic: builtin.fancypants from bundle
[Info   :MoreCompany] Loaded cosmetic: builtin.outoforder from bundle
[Info   :MoreCompany] Loaded cosmetic: builtin.partyhat from bundle
[Info   :MoreCompany] Loaded cosmetic: builtin.plaguemask from bundle
[Info   :MoreCompany] Loaded cosmetic: builtin.propellerhat from bundle
[Info   :MoreCompany] Loaded cosmetic: builtin.eyeballs from bundle
[Info   :MoreCompany] Loaded cosmetic: builtin.rudolph from bundle
[Info   :MoreCompany] Loaded cosmetic: builtin.santahat from bundle
[Info   :MoreCompany] Loaded cosmetic: builtin.slimething from bundle
[Info   :MoreCompany] Loaded cosmetic: builtin.tophat from bundle
[Info   :MoreCompany] Loaded cosmetic: builtin.watch from bundle
[Info   :MoreCompany] Loading USER COSMETICS...
[Info   :MoreCompany] Loaded MoreCompany FULLY
[Info   :   BepInEx] Loading [TooManyEmotes 2.2.4]
[Info   :TooManyEmotes-2.2.4] BindingConfigs
[Info   :TooManyEmotes-2.2.4] Initializing custom emote hotkeys.
[Info   :TooManyEmotes-2.2.4] Successfully loaded 28 animation clips from asset bundle: Assets/emotes_complementary
[Info   :TooManyEmotes-2.2.4] Successfully loaded 99 animation clips from asset bundle: Assets/emotes_0
[Info   :TooManyEmotes-2.2.4] Successfully loaded 131 animation clips from asset bundle: Assets/emotes_1
[Info   :TooManyEmotes-2.2.4] Successfully loaded 90 animation clips from asset bundle: Assets/emotes_2
[Info   :TooManyEmotes-2.2.4] Successfully loaded 8 animation clips from asset bundle: Assets/emotes_3
[Info   :TooManyEmotes-2.2.4] Successfully loaded 11 animation clips from asset bundle: Assets/emotes_special
[Info   :TooManyEmotes-2.2.4] Successfully loaded radial menu asset.
[Warning: Unity Log] The referenced script (PropAnimationRecorder) on this Behaviour is missing!
[Warning: Unity Log] The referenced script on this Behaviour (Game Object '') is missing!
[Info   :TooManyEmotes-2.2.4] Loaded 27 emote props.
[Info   :TooManyEmotes-2.2.4] Loading 143 dmca-free audio clips.
[Info   :TooManyEmotes-2.2.4] Loading 152 dmca audio clips.
[Info   :TooManyEmotes-2.2.4] TooManyEmotes finished loading!
[Info   :   BepInEx] Loading [Custom Emotes API 1.15.4]
[Info   :Custom Emotes API] display name wasn't set, using 
[Info   :Custom Emotes API] Failed to get Proc Address to wine_get_version!
[Info   :   BepInEx] Loading [Enemy Interactions 1.1.9]
[Info   :   BepInEx] Loading [ShipLobby 1.0.2]
[Info   :   BepInEx] Loading [ShipLoot 1.1]
[Info   :   BepInEx] Loading [Custom Boombox Music 1.4.0]
[Info   :Custom Boombox Music] Loading...
[Info   :Custom Boombox Music] Created directory at D:\SteamLibrary\steamapps\common\Lethal Company\BepInEx\Custom Songs\Boombox Music
[Info   :Custom Boombox Music] Initializing config...
[Info   :Custom Boombox Music] Config initialized!
[Info   :Custom Boombox Music] Loading Complete!
[Info   :   BepInEx] Loading [LbToKg 1.0.0]
[Info   :   BepInEx] Loading [ControlCompany 1.3.2]
[Info   :ControlCompany.ControlCompany] Loaded ControlCompany. Patching.
[Info   :ControlCompany.ControlCompany] Completed patching. Initializing.
[Info   :ControlCompany.ControlCompany] Completed initialization.
[Info   :   BepInEx] Loading [ControlCompanyFilter 1.0.0]
[Info   :   BepInEx] Loading [Custom Sounds 2.3.2]
[Info   :CustomSounds] "HideManagerGameObject" is correctly set to true.
[Info   :CustomSounds] Plugin CustomSounds is loaded!
[Info   :   BepInEx] Loading [OpenLib 0.1.8]
[Info   :   OpenLib] OpenLib is loading with version 0.1.8!
[Info   :   OpenLib] Binding configuration settings
[Info   :   OpenLib] OpenLib load complete!
[Info   :   BepInEx] Loading [DiscountAlert 2.3.0.0]
[Info   :DiscountAlert] Plugin discount.alert is loaded!
[Info   :   BepInEx] Loading [OuijaBoard 1.5.3]
[Info   : Unity Log] Ouija Board store enabled at 100 credits
[Info   :OuijaBoard] OuijaBoard loaded!
[Info   :   BepInEx] Loading [LethalLib 0.16.1]
[Info   : LethalLib] LethalLib loaded!!
[Info   :   BepInEx] Loading [Sell Bodies 1.10.1]
[Info   :Sell Bodies] Set Hoarding bug to drop Dead Hoarder Bug
[Info   :Sell Bodies] Set Bunker Spider to drop Dead Bunker Spider
[Info   :Sell Bodies] Set Crawler to drop Dead Thumper
[Info   :Sell Bodies] Set Centipede to drop Dead Snare Flea
[Info   :Sell Bodies] Set Nutcracker to drop Dead Nutcracker
[Info   :Sell Bodies] Set Flowerman to drop Bracken Remains
[Info   :Sell Bodies] Set Baboon hawk to drop Dead Baboon Hawk
[Info   :Sell Bodies] Set MouthDog to drop Eyeless Dog Teeth
[Info   :Sell Bodies] Set Spring to drop Coil-Head Core
[Info   :Sell Bodies] Set Girl to drop Vials of Ectoplasm
[Info   :Sell Bodies] Set ForestGiant to drop Forest Keeper Sapling
[Info   :Sell Bodies] Set Jester to drop Jester Box
[Info   :Sell Bodies] Set Blob to drop Dead Hygrodere
[Info   :Sell Bodies] Set Puffer to drop Dead Spore Lizard
[Info   :Sell Bodies] Set Manticoil to drop Dead Manticoil
[Info   :Sell Bodies] Set RadMech to drop Old Bird Core
[Info   :Sell Bodies] Set Tulip Snake to drop Dead Tulip Snake
[Info   :Sell Bodies] Set Clay Surgeon to drop Clay Surgeon Scissors
[Info   :Sell Bodies] Set Bush Wolf to drop Kidnapper Fox Tail
[Info   :Sell Bodies] Set Maneater to drop Dead Maneater
[Info   :Sell Bodies] Set ModdedEnemyPowerLevel1 to drop Common Enemy Remains
[Info   :Sell Bodies] Set ModdedEnemyPowerLevel2 to drop Rare Enemy Remains
[Info   :Sell Bodies] Set ModdedEnemyPowerLevel3 to drop UltraRare Enemy Remains
[Info   :Sell Bodies] Sell Bodies is patched!
[Info   :   BepInEx] Loading [FasterItemDropship 1.3.1]
[Info   :FasterItemDropship] BindingConfigs
[Info   :FasterItemDropship] FasterItemDropship loaded
[Info   :   BepInEx] Loading [LetMeLookDown 1.0.2]
[Info   :LetMeLookDown] LetMeLookDown mod loaded
[Info   :   BepInEx] Loading [HoldScanButton 1.0.0]
[Info   :HoldScanButton] Plugin HoldScanButton has loaded!
[Info   :   BepInEx] Loading [Maxwell Scrap 1.0.1]
[Info   :   BepInEx] Loading [Custom FOV 1.0.0]
[Info   :   BepInEx] Loading [Fix Resolution 1.0.0]
[Info   :   BepInEx] Loading [LC Sound Tool 1.5.1]
[Info   :LCSoundTool] Plugin LCSoundTool is loaded!
[Info   :   BepInEx] Loading [SignalTranslatorAligner 1.0.0]
[Info   :   BepInEx] Loading [LethalSnapProject 1.5.7]
[Info   :LethalSnapProject] Finish Loading : Assets/PolaroidMod/Audio/FOLEY_LS_POL_Drop/FOLEY_LS_POL_Drop_
[Info   :LethalSnapProject] Finish Loading : Assets/PolaroidMod/Audio/FOLEY_LS_POL_Equip/FOLEY_LS_POL_Equip_
[Info   :LethalSnapProject] Finish Loading : Assets/PolaroidMod/Audio/FOLEY_LS_POL_Grab/FOLEY_LS_POL_Grab_
[Info   :LethalSnapProject] Finish Loading : Assets/PolaroidMod/Audio/FOLEY_LS_POL_Picture_Grab/FOLEY_LS_POL_Picture_Grab_
[Info   :LethalSnapProject] Finish Loading : Assets/PolaroidMod/Audio/FOLEY_LS_POL_Picture_Equip/FOLEY_LS_POL_Picture_Equip_
[Info   :LethalSnapProject] Finish Loading : Assets/PolaroidMod/Audio/FOLEY_LS_POL_Picture_Drop/FOLEY_LS_POL_Picture_Drop_
[Info   :LethalSnapProject] Finish Loading : Assets/PolaroidMod/Audio/SFX_LS_POL_Shoot_Empty/SFX_LS_POL_Shoot_Empty_
[Info   :LethalSnapProject] Finish Loading : Assets/PolaroidMod/Audio/SFX_LS_POL_Shoot_Flash_Off/SFX_LS_POL_Shoot_Flash_Off_
[Info   :LethalSnapProject] Finish Loading : Assets/PolaroidMod/Audio/SFX_LS_POL_Shoot_Flash_On/SFX_LS_POL_Shoot_Flash_On_
[Info   :LethalSnapProject] Finish Loading : Assets/PolaroidMod/Audio/SFX_LS_POL_Switch_Flash_Off/SFX_LS_POL_Switch_Flash_Off_
[Info   :LethalSnapProject] Finish Loading : Assets/PolaroidMod/Audio/SFX_LS_POL_Switch_Flash_On/SFX_LS_POL_Switch_Flash_On_
[Info   :LethalSnapProject] Plugin LethalSnapProject is loaded!
[Info   :LethalSnapProject] Display monsters and there values : 
[Info   :LethalSnapProject] --> flowerman  180
[Info   :LethalSnapProject] --> crawler  90
[Info   :LethalSnapProject] --> hoarding bug  2
[Info   :LethalSnapProject] --> centipede  10
[Info   :LethalSnapProject] --> bunker spider  50
[Info   :LethalSnapProject] --> puffer  10
[Info   :LethalSnapProject] --> jester  250
[Info   :LethalSnapProject] --> blob  2
[Info   :LethalSnapProject] --> girl  180
[Info   :LethalSnapProject] --> spring  30
[Info   :LethalSnapProject] --> nutcracker  80
[Info   :LethalSnapProject] --> masked  60
[Info   :LethalSnapProject] --> mouthdog  40
[Info   :LethalSnapProject] --> earth leviathan  120
[Info   :LethalSnapProject] --> forestgiant  40
[Info   :LethalSnapProject] --> baboon hawk  10
[Info   :LethalSnapProject] --> red locust bees  2
[Info   :LethalSnapProject] --> docile locust bees  0
[Info   :LethalSnapProject] --> manticoil  0
[Info   :LethalSnapProject] --> peeper  2
[Info   :LethalSnapProject] --> locker  60
[Info   :LethalSnapProject] --> fiend  80
[Info   :   BepInEx] Loading [Hide Player Names 1.0.1]
[Info   :   BepInEx] Loading [Rubber Chicken 1.0.3]
[Debug  :Rubber Chicken] Loaded Rubber Chicken
[Info   :   BepInEx] Loading [PintoBoy 2.0.0]
[Warning: Unity Log] The referenced script (PintoCam) on this Behaviour is missing!
[Warning: Unity Log] The referenced script on this Behaviour (Game Object '2D Cam') is missing!
[Info   : Unity Log] PintoBoy FD: Loading Bracken Prefab
[Info   : Unity Log] PintoBoy FD: Loading Bunker Spider Prefab
[Info   : Unity Log] PintoBoy FD: Loading Loot Bug Prefab
[Info   : Unity Log] PintoBoy FD: Loading Snare Flea Prefab
[Info   : Unity Log] PintoBoy FD: Loading Thumper Prefab
[Info   : Unity Log] PintoBoy FD: Loading Nutcracker Prefab
[Warning: Unity Log] The referenced script (PintoCam) on this Behaviour is missing!
[Warning: Unity Log] The referenced script on this Behaviour (Game Object '2D Cam') is missing!
[Warning: Unity Log] The referenced script (PintoCam) on this Behaviour is missing!
[Warning: Unity Log] The referenced script on this Behaviour (Game Object '2D Cam') is missing!
[Info   : Unity Log] Pintoboy initialized
[Info   :   BepInEx] Loading [Better Item Scan 3.0.0.2]
[Info   :PopleZoo.BetterItemScan] Plugin BetterItemScan is loaded!
[Info   :   BepInEx] Loading [Flashlight 1.5.0]
[Info   :Flashlight] ------Flashlight done.------
[Info   :   BepInEx] Loading [WalkieUse 1.5.0]
[Info   : WalkieUse] ------Walkie done.------
[Info   : WalkieUse] Walkie in Terminal: False
[Info   :   BepInEx] Loading [Skinwalker Mod 5.0.0]
[Info   :RugbugRedfern.SkinwalkerMod] SKINWALKER MOD STARTING UP 5.0.0
[Info   :RugbugRedfern.SkinwalkerMod] VoiceEnabled_BaboonHawk VALUE LOADED FROM CONFIG: [True]
[Info   :RugbugRedfern.SkinwalkerMod] VoiceEnabled_Bracken VALUE LOADED FROM CONFIG: [True]
[Info   :RugbugRedfern.SkinwalkerMod] VoiceEnabled_BunkerSpider VALUE LOADED FROM CONFIG: [True]
[Info   :RugbugRedfern.SkinwalkerMod] VoiceEnabled_Centipede VALUE LOADED FROM CONFIG: [True]
[Info   :RugbugRedfern.SkinwalkerMod] VoiceEnabled_CoilHead VALUE LOADED FROM CONFIG: [True]
[Info   :RugbugRedfern.SkinwalkerMod] VoiceEnabled_EyelessDog VALUE LOADED FROM CONFIG: [True]
[Info   :RugbugRedfern.SkinwalkerMod] VoiceEnabled_ForestGiant VALUE LOADED FROM CONFIG: [False]
[Info   :RugbugRedfern.SkinwalkerMod] VoiceEnabled_GhostGirl VALUE LOADED FROM CONFIG: [True]
[Info   :RugbugRedfern.SkinwalkerMod] VoiceEnabled_GiantWorm VALUE LOADED FROM CONFIG: [False]
[Info   :RugbugRedfern.SkinwalkerMod] VoiceEnabled_HoardingBug VALUE LOADED FROM CONFIG: [True]
[Info   :RugbugRedfern.SkinwalkerMod] VoiceEnabled_Hygrodere VALUE LOADED FROM CONFIG: [False]
[Info   :RugbugRedfern.SkinwalkerMod] VoiceEnabled_Jester VALUE LOADED FROM CONFIG: [True]
[Info   :RugbugRedfern.SkinwalkerMod] VoiceEnabled_Masked VALUE LOADED FROM CONFIG: [True]
[Info   :RugbugRedfern.SkinwalkerMod] VoiceEnabled_Nutcracker VALUE LOADED FROM CONFIG: [True]
[Info   :RugbugRedfern.SkinwalkerMod] VoiceEnabled_SporeLizard VALUE LOADED FROM CONFIG: [True]
[Info   :RugbugRedfern.SkinwalkerMod] VoiceEnabled_Thumper VALUE LOADED FROM CONFIG: [True]
[Info   :RugbugRedfern.SkinwalkerMod] VoiceEnabled_OtherEnemies VALUE LOADED FROM CONFIG: [True]
[Info   :RugbugRedfern.SkinwalkerMod] VoiceLineFrequency VALUE LOADED FROM CONFIG: [1]
[Info   :RugbugRedfern.SkinwalkerMod] Skinwalker Mod Object Initialized
[Info   :   BepInEx] Loading [Better Lobbies 1.1.1]
[Info   :Better Lobbies] Plugin Ryokune.BetterLobbies v1.1.1 is loaded!
[Error  :  HarmonyX] Failed to patch virtual bool SteamLobbyManager+<loadLobbyListAndFilter>d__20::MoveNext(): System.Reflection.TargetInvocationException: Exception has been thrown by the target of an invocation. ---> System.InvalidOperationException: Unable to find LobbySlot.thisLobby line. - Current state is invalid
  at HarmonyLib.CodeMatcher.ThrowIfInvalid (System.String explanation) [0x00021] in <474744d65d8e460fa08cd5fd82b5d65f>:IL_0021 
  at HarmonyLib.CodeMatcher.ThrowIfNotMatch (System.String explanation, HarmonyLib.CodeMatch[] matches) [0x00000] in <474744d65d8e460fa08cd5fd82b5d65f>:IL_0000 
  at Better_Lobbies.Patches.LobbyPatches.loadLobbyListAndFilter_Transpiler (System.Collections.Generic.IEnumerable`1[T] instructions) [0x00041] in C:\Users\vispy\source\repos\Better Lobbies\Patches\LobbyPatches.cs:32 
  at (wrapper managed-to-native) System.Reflection.RuntimeMethodInfo.InternalInvoke(System.Reflection.RuntimeMethodInfo,object,object[],System.Exception&)
  at System.Reflection.RuntimeMethodInfo.Invoke (System.Object obj, System.Reflection.BindingFlags invokeAttr, System.Reflection.Binder binder, System.Object[] parameters, System.Globalization.CultureInfo culture) [0x0006a] in <787acc3c9a4c471ba7d971300105af24>:IL_006A 
   --- End of inner exception stack trace ---
  at System.Reflection.RuntimeMethodInfo.Invoke (System.Object obj, System.Reflection.BindingFlags invokeAttr, System.Reflection.Binder binder, System.Object[] parameters, System.Globalization.CultureInfo culture) [0x00083] in <787acc3c9a4c471ba7d971300105af24>:IL_0083 
  at System.Reflection.MethodBase.Invoke (System.Object obj, System.Object[] parameters) [0x00000] in <787acc3c9a4c471ba7d971300105af24>:IL_0000 
  at HarmonyLib.Internal.Patching.ILManipulator.ApplyTranspilers (System.Reflection.Emit.ILGenerator il, System.Reflection.MethodBase original, System.Func`2[T,TResult] getLocal, System.Func`1[TResult] defineLabel) [0x00093] in <474744d65d8e460fa08cd5fd82b5d65f>:IL_0093 
  at HarmonyLib.Internal.Patching.ILManipulator.WriteTo (Mono.Cecil.Cil.MethodBody body, System.Reflection.MethodBase original) [0x00066] in <474744d65d8e460fa08cd5fd82b5d65f>:IL_0066 
  at HarmonyLib.Public.Patching.HarmonyManipulator.WriteTranspilers () [0x00084] in <474744d65d8e460fa08cd5fd82b5d65f>:IL_0084 
  at HarmonyLib.Public.Patching.HarmonyManipulator.WriteImpl () [0x0002b] in <474744d65d8e460fa08cd5fd82b5d65f>:IL_002B 
[Error  : Unity Log] InvalidOperationException: Unable to find LobbySlot.thisLobby line. - Current state is invalid
Stack trace:
HarmonyLib.CodeMatcher.ThrowIfInvalid (System.String explanation) (at <474744d65d8e460fa08cd5fd82b5d65f>:IL_0021)
HarmonyLib.CodeMatcher.ThrowIfNotMatch (System.String explanation, HarmonyLib.CodeMatch[] matches) (at <474744d65d8e460fa08cd5fd82b5d65f>:IL_0000)
Better_Lobbies.Patches.LobbyPatches.loadLobbyListAndFilter_Transpiler (System.Collections.Generic.IEnumerable`1[T] instructions) (at C:/Users/vispy/source/repos/Better Lobbies/Patches/LobbyPatches.cs:32)
System.Reflection.RuntimeMethodInfo.Invoke (System.Object obj, System.Reflection.BindingFlags invokeAttr, System.Reflection.Binder binder, System.Object[] parameters, System.Globalization.CultureInfo culture) (at <787acc3c9a4c471ba7d971300105af24>:IL_006A)
Rethrow as TargetInvocationException: Exception has been thrown by the target of an invocation.
System.Reflection.RuntimeMethodInfo.Invoke (System.Object obj, System.Reflection.BindingFlags invokeAttr, System.Reflection.Binder binder, System.Object[] parameters, System.Globalization.CultureInfo culture) (at <787acc3c9a4c471ba7d971300105af24>:IL_0083)
System.Reflection.MethodBase.Invoke (System.Object obj, System.Object[] parameters) (at <787acc3c9a4c471ba7d971300105af24>:IL_0000)
HarmonyLib.Internal.Patching.ILManipulator.ApplyTranspilers (System.Reflection.Emit.ILGenerator il, System.Reflection.MethodBase original, System.Func`2[T,TResult] getLocal, System.Func`1[TResult] defineLabel) (at <474744d65d8e460fa08cd5fd82b5d65f>:IL_0093)
HarmonyLib.Internal.Patching.ILManipulator.WriteTo (Mono.Cecil.Cil.MethodBody body, System.Reflection.MethodBase original) (at <474744d65d8e460fa08cd5fd82b5d65f>:IL_0066)
HarmonyLib.Public.Patching.HarmonyManipulator.WriteTranspilers () (at <474744d65d8e460fa08cd5fd82b5d65f>:IL_0084)
HarmonyLib.Public.Patching.HarmonyManipulator.WriteImpl () (at <474744d65d8e460fa08cd5fd82b5d65f>:IL_002B)
Rethrow as HarmonyException: IL Compile Error (unknown location)
HarmonyLib.Public.Patching.HarmonyManipulator.WriteImpl () (at <474744d65d8e460fa08cd5fd82b5d65f>:IL_0378)
HarmonyLib.Public.Patching.HarmonyManipulator.Process (MonoMod.Cil.ILContext ilContext, System.Reflection.MethodBase originalMethod) (at <474744d65d8e460fa08cd5fd82b5d65f>:IL_0042)
HarmonyLib.Public.Patching.HarmonyManipulator.Manipulate (System.Reflection.MethodBase original, HarmonyLib.PatchInfo patchInfo, MonoMod.Cil.ILContext ctx) (at <474744d65d8e460fa08cd5fd82b5d65f>:IL_0006)
HarmonyLib.Public.Patching.HarmonyManipulator.Manipulate (System.Reflection.MethodBase original, MonoMod.Cil.ILContext ctx) (at <474744d65d8e460fa08cd5fd82b5d65f>:IL_0007)
HarmonyLib.Public.Patching.ManagedMethodPatcher.Manipulator (MonoMod.Cil.ILContext ctx) (at <474744d65d8e460fa08cd5fd82b5d65f>:IL_0012)
MonoMod.Cil.ILContext.Invoke (MonoMod.Cil.ILContext+Manipulator manip) (at <6733e342b5b549bba815373898724469>:IL_0087)
MonoMod.RuntimeDetour.ILHook+Context.InvokeManipulator (Mono.Cecil.MethodDefinition def, MonoMod.Cil.ILContext+Manipulator cb) (at <4e2760c7517c4ea79c633d67e84b319f>:IL_0012)
(wrapper dynamic-method) MonoMod.RuntimeDetour.ILHook+Context.DMD<MonoMod.RuntimeDetour.ILHook+Context::Refresh>(MonoMod.RuntimeDetour.ILHook/Context)
(wrapper dynamic-method) MonoMod.Utils.DynamicMethodDefinition.Trampoline<MonoMod.RuntimeDetour.ILHook+Context::Refresh>?672732526(object)
HarmonyLib.Internal.RuntimeFixes.StackTraceFixes.OnILChainRefresh (System.Object self) (at <474744d65d8e460fa08cd5fd82b5d65f>:IL_0000)
MonoMod.RuntimeDetour.ILHook.Apply () (at <4e2760c7517c4ea79c633d67e84b319f>:IL_0059)
HarmonyLib.Public.Patching.ManagedMethodPatcher.DetourTo (System.Reflection.MethodBase replacement) (at <474744d65d8e460fa08cd5fd82b5d65f>:IL_0047)
Rethrow as HarmonyException: IL Compile Error (unknown location)
HarmonyLib.Public.Patching.ManagedMethodPatcher.DetourTo (System.Reflection.MethodBase replacement) (at <474744d65d8e460fa08cd5fd82b5d65f>:IL_005F)
HarmonyLib.PatchFunctions.UpdateWrapper (System.Reflection.MethodBase original, HarmonyLib.PatchInfo patchInfo) (at <474744d65d8e460fa08cd5fd82b5d65f>:IL_0033)
Rethrow as HarmonyException: IL Compile Error (unknown location)
HarmonyLib.PatchClassProcessor.ReportException (System.Exception exception, System.Reflection.MethodBase original) (at <474744d65d8e460fa08cd5fd82b5d65f>:IL_0045)
HarmonyLib.PatchClassProcessor.Patch () (at <474744d65d8e460fa08cd5fd82b5d65f>:IL_0095)
HarmonyLib.Harmony.PatchAll (System.Type type) (at <474744d65d8e460fa08cd5fd82b5d65f>:IL_0008)
Better_Lobbies.Plugin.Awake () (at C:/Users/vispy/source/repos/Better Lobbies/Plugin.cs:33)
UnityEngine.GameObject:AddComponent(Type)
BepInEx.Bootstrap.Chainloader:Start()
UnityEngine.Rendering.HighDefinition.HDRenderPipelineAsset:OnEnable()

[Info   :   BepInEx] Loading [SolarPerformanceEnhancer 1.3.6]
[Info   :   BepInEx] Loading [SpectateEnemy 2.6.0]
[Warning:MoreCompany] SpectateNextPlayer failed to replace newPlayerCount: 0/2
[Info   :SpectateEnemy] SpectateEnemy loaded!
[Info   :   BepInEx] Loading [Yippee tbh mod 1.2.4]
[Info   :sunnobunno.YippeeMod] sunnobunno.YippeeMod is loading.
[Info   :sunnobunno.YippeeMod] sunnobunno.YippeeMod is loaded. Yippee!!!
[Info   :   BepInEx] Loading [BetterPaycheck 0.9.0]
[Info   :Swaggies.BetterPaycheck] BetterPaycheck up and running.
[Info   :   BepInEx] Loading [CoilHeadStare 1.0.9]
[Info   :TDP.CoilHeadStare] CoilHeadStare 1.0.9 loaded.
[Info   :   BepInEx] Loading [Late Company 1.0.17]
[Info   :Late Company] Late Company loaded!
[Info   :   BepInEx] Loading [WTF_Boom 1.0.0]
[Info   :  WTF_Boom] Plugin WTF_Boom is loaded!
[Warning:LCSoundTool] Requested directory at BepInEx/Plugins/JAMESDEV-WTF_Boom does not exist!
[Warning:LCSoundTool] Requested audio file does not exist at path D:\SteamLibrary\steamapps\common\Lethal Company\BepInEx\plugins\JAMESDEV-WTF_Boom\MineTrigger.wav!
[Debug  :LCSoundTool] Looking for audio file from mod root instead at D:\SteamLibrary\steamapps\common\Lethal Company\BepInEx\plugins\JAMESDEV-WTF_Boom\MineTrigger.wav...
[Warning:LCSoundTool] Requested audio file does not exist at mod root path D:\SteamLibrary\steamapps\common\Lethal Company\BepInEx\plugins\JAMESDEV-WTF_Boom\MineTrigger.wav!
[Warning:LCSoundTool] Failed to load AudioClip MineTrigger.wav from invalid path at D:\SteamLibrary\steamapps\common\Lethal Company\BepInEx\plugins\JAMESDEV-WTF_Boom\MineTrigger.wav!
[Error  : Unity Log] NullReferenceException: Object reference not set to an instance of an object
Stack trace:
LCSoundTool.SoundTool.GetAudioClip (System.String modFolder, System.String subFolder, System.String soundName, LCSoundTool.SoundTool+AudioType audioType) (at <5eae0510abcc4fbda4782a76ab74118d>:IL_0477)
LCSoundTool.SoundTool.GetAudioClip (System.String modFolder, System.String subFolder, System.String soundName) (at <5eae0510abcc4fbda4782a76ab74118d>:IL_00F1)
LCSoundTool.SoundTool.GetAudioClip (System.String modFolder, System.String soundName) (at <5eae0510abcc4fbda4782a76ab74118d>:IL_0001)
WTF_Boom.Plugin.Awake () (at <8d4762a854ec4005ac4157d3e4c8c5bf>:IL_0010)
UnityEngine.GameObject:AddComponent(Type)
BepInEx.Bootstrap.Chainloader:Start()
UnityEngine.Rendering.HighDefinition.HDRenderPipelineAsset:OnEnable()

[Info   :   BepInEx] Loading [More Suits 1.4.3]
[Info   :More Suits] Plugin More Suits is loaded!
[Info   :   BepInEx] Loading [TwoRadarMaps 1.4.2]
[Message:   BepInEx] Chainloader startup complete
[Info   : Unity Log] FilePath: D:\SteamLibrary\steamapps\common\Lethal Company\BepInEx\plugins\CustomSounds\TurretBerserkMode.wav
[Info   : Unity Log] Sound replaced: TurretBerserkMode (File Extension = wav)
[Debug  :LCSoundTool] Loading AudioClip D:\SteamLibrary\steamapps\common\Lethal Company\BepInEx\plugins\CustomSounds\TurretBerserkMode.wav from path: D:\SteamLibrary\steamapps\common\Lethal Company\BepInEx\plugins\CustomSounds\TurretBerserkMode.wav
[Debug  :LCSoundTool] Finished loading AudioClip D:\SteamLibrary\steamapps\common\Lethal Company\BepInEx\plugins\CustomSounds\TurretBerserkMode.wav with length of 10,366!
[Info   : Unity Log] FilePath: D:\SteamLibrary\steamapps\common\Lethal Company\BepInEx\plugins\CustomSounds\TurretFire.wav
[Info   : Unity Log] Sound replaced: TurretFire (File Extension = wav)
[Debug  :LCSoundTool] Loading AudioClip D:\SteamLibrary\steamapps\common\Lethal Company\BepInEx\plugins\CustomSounds\TurretFire.wav from path: D:\SteamLibrary\steamapps\common\Lethal Company\BepInEx\plugins\CustomSounds\TurretFire.wav
[Debug  :LCSoundTool] Finished loading AudioClip D:\SteamLibrary\steamapps\common\Lethal Company\BepInEx\plugins\CustomSounds\TurretFire.wav with length of 1,812!
[Info   : Unity Log] FilePath: D:\SteamLibrary\steamapps\common\Lethal Company\BepInEx\plugins\CustomSounds\TurretFireDistance.wav
[Info   : Unity Log] Sound replaced: TurretFireDistance (File Extension = wav)
[Debug  :LCSoundTool] Loading AudioClip D:\SteamLibrary\steamapps\common\Lethal Company\BepInEx\plugins\CustomSounds\TurretFireDistance.wav from path: D:\SteamLibrary\steamapps\common\Lethal Company\BepInEx\plugins\CustomSounds\TurretFireDistance.wav
[Debug  :LCSoundTool] Finished loading AudioClip D:\SteamLibrary\steamapps\common\Lethal Company\BepInEx\plugins\CustomSounds\TurretFireDistance.wav with length of 1,812!
[Info   : Unity Log] FilePath: D:\SteamLibrary\steamapps\common\Lethal Company\BepInEx\plugins\CustomSounds\TurretSeePlayer.wav
[Info   : Unity Log] Sound replaced: TurretSeePlayer (File Extension = wav)
[Debug  :LCSoundTool] Loading AudioClip D:\SteamLibrary\steamapps\common\Lethal Company\BepInEx\plugins\CustomSounds\TurretSeePlayer.wav from path: D:\SteamLibrary\steamapps\common\Lethal Company\BepInEx\plugins\CustomSounds\TurretSeePlayer.wav
[Debug  :LCSoundTool] Finished loading AudioClip D:\SteamLibrary\steamapps\common\Lethal Company\BepInEx\plugins\CustomSounds\TurretSeePlayer.wav with length of 0,879!
[Info   : Unity Log] FilePath: D:\SteamLibrary\steamapps\common\Lethal Company\BepInEx\plugins\CustomSounds\NewProfitQuota.mp3
[Info   : Unity Log] Sound replaced: NewProfitQuota (File Extension = mp3)
[Debug  :LCSoundTool] Loading AudioClip D:\SteamLibrary\steamapps\common\Lethal Company\BepInEx\plugins\CustomSounds\NewProfitQuota.mp3 from path: D:\SteamLibrary\steamapps\common\Lethal Company\BepInEx\plugins\CustomSounds\NewProfitQuota.mp3
[Debug  :LCSoundTool] Finished loading AudioClip D:\SteamLibrary\steamapps\common\Lethal Company\BepInEx\plugins\CustomSounds\NewProfitQuota.mp3 with length of 6,072!
[Info   : Unity Log] FilePath: D:\SteamLibrary\steamapps\common\Lethal Company\BepInEx\plugins\CustomSounds\ZeroDaysLeftAlert.mp3
[Info   : Unity Log] Sound replaced: ZeroDaysLeftAlert (File Extension = mp3)
[Debug  :LCSoundTool] Loading AudioClip D:\SteamLibrary\steamapps\common\Lethal Company\BepInEx\plugins\CustomSounds\ZeroDaysLeftAlert.mp3 from path: D:\SteamLibrary\steamapps\common\Lethal Company\BepInEx\plugins\CustomSounds\ZeroDaysLeftAlert.mp3
[Debug  :LCSoundTool] Finished loading AudioClip D:\SteamLibrary\steamapps\common\Lethal Company\BepInEx\plugins\CustomSounds\ZeroDaysLeftAlert.mp3 with length of 17,976!
[Info   : Unity Log] FilePath: D:\SteamLibrary\steamapps\common\Lethal Company\BepInEx\plugins\CustomSounds\BenPhoneScream\PhoneScream.wav
[Info   : Unity Log] Sound replaced: PhoneScream (File Extension = wav)
[Debug  :LCSoundTool] Loading AudioClip D:\SteamLibrary\steamapps\common\Lethal Company\BepInEx\plugins\CustomSounds\BenPhoneScream\PhoneScream.wav from path: D:\SteamLibrary\steamapps\common\Lethal Company\BepInEx\plugins\CustomSounds\BenPhoneScream\PhoneScream.wav
[Debug  :LCSoundTool] Finished loading AudioClip D:\SteamLibrary\steamapps\common\Lethal Company\BepInEx\plugins\CustomSounds\BenPhoneScream\PhoneScream.wav with length of 10,733!
[Info   : Unity Log] FilePath: D:\SteamLibrary\steamapps\common\Lethal Company\BepInEx\plugins\CustomSounds\JAMESDEV-WTF_Boom\MineBeep.wav
[Info   : Unity Log] Sound replaced: MineBeep (File Extension = wav)
[Debug  :LCSoundTool] Loading AudioClip D:\SteamLibrary\steamapps\common\Lethal Company\BepInEx\plugins\CustomSounds\JAMESDEV-WTF_Boom\MineBeep.wav from path: D:\SteamLibrary\steamapps\common\Lethal Company\BepInEx\plugins\CustomSounds\JAMESDEV-WTF_Boom\MineBeep.wav
[Debug  :LCSoundTool] Finished loading AudioClip D:\SteamLibrary\steamapps\common\Lethal Company\BepInEx\plugins\CustomSounds\JAMESDEV-WTF_Boom\MineBeep.wav with length of 0,096!
[Info   : Unity Log] FilePath: D:\SteamLibrary\steamapps\common\Lethal Company\BepInEx\plugins\CustomSounds\JAMESDEV-WTF_Boom\MineDetonate.wav
[Info   : Unity Log] Sound replaced: MineDetonate (File Extension = wav)
[Debug  :LCSoundTool] Loading AudioClip D:\SteamLibrary\steamapps\common\Lethal Company\BepInEx\plugins\CustomSounds\JAMESDEV-WTF_Boom\MineDetonate.wav from path: D:\SteamLibrary\steamapps\common\Lethal Company\BepInEx\plugins\CustomSounds\JAMESDEV-WTF_Boom\MineDetonate.wav
[Debug  :LCSoundTool] Finished loading AudioClip D:\SteamLibrary\steamapps\common\Lethal Company\BepInEx\plugins\CustomSounds\JAMESDEV-WTF_Boom\MineDetonate.wav with length of 7,317!
[Info   : Unity Log] FilePath: D:\SteamLibrary\steamapps\common\Lethal Company\BepInEx\plugins\CustomSounds\JAMESDEV-WTF_Boom\MineDetonateDistance.wav
[Info   : Unity Log] Sound replaced: MineDetonateDistance (File Extension = wav)
[Debug  :LCSoundTool] Loading AudioClip D:\SteamLibrary\steamapps\common\Lethal Company\BepInEx\plugins\CustomSounds\JAMESDEV-WTF_Boom\MineDetonateDistance.wav from path: D:\SteamLibrary\steamapps\common\Lethal Company\BepInEx\plugins\CustomSounds\JAMESDEV-WTF_Boom\MineDetonateDistance.wav
[Debug  :LCSoundTool] Finished loading AudioClip D:\SteamLibrary\steamapps\common\Lethal Company\BepInEx\plugins\CustomSounds\JAMESDEV-WTF_Boom\MineDetonateDistance.wav with length of 12,054!
[Info   : Unity Log] FilePath: D:\SteamLibrary\steamapps\common\Lethal Company\BepInEx\plugins\CustomSounds\JAMESDEV-WTF_Boom\MineTrigger.wav
[Info   : Unity Log] Sound replaced: MineTrigger (File Extension = wav)
[Debug  :LCSoundTool] Loading AudioClip D:\SteamLibrary\steamapps\common\Lethal Company\BepInEx\plugins\CustomSounds\JAMESDEV-WTF_Boom\MineTrigger.wav from path: D:\SteamLibrary\steamapps\common\Lethal Company\BepInEx\plugins\CustomSounds\JAMESDEV-WTF_Boom\MineTrigger.wav
[Debug  :LCSoundTool] Finished loading AudioClip D:\SteamLibrary\steamapps\common\Lethal Company\BepInEx\plugins\CustomSounds\JAMESDEV-WTF_Boom\MineTrigger.wav with length of 0,666!
[Info   : Unity Log] FilePath: D:\SteamLibrary\steamapps\common\Lethal Company\BepInEx\plugins\CustomSounds\Minecraft Doors\BigDoorClose.wav
[Info   : Unity Log] Sound replaced: BigDoorClose (File Extension = wav)
[Debug  :LCSoundTool] Loading AudioClip D:\SteamLibrary\steamapps\common\Lethal Company\BepInEx\plugins\CustomSounds\Minecraft Doors\BigDoorClose.wav from path: D:\SteamLibrary\steamapps\common\Lethal Company\BepInEx\plugins\CustomSounds\Minecraft Doors\BigDoorClose.wav
[Debug  :LCSoundTool] Finished loading AudioClip D:\SteamLibrary\steamapps\common\Lethal Company\BepInEx\plugins\CustomSounds\Minecraft Doors\BigDoorClose.wav with length of 0,529!
[Info   : Unity Log] FilePath: D:\SteamLibrary\steamapps\common\Lethal Company\BepInEx\plugins\CustomSounds\Minecraft Doors\BigDoorOpen.wav
[Info   : Unity Log] Sound replaced: BigDoorOpen (File Extension = wav)
[Debug  :LCSoundTool] Loading AudioClip D:\SteamLibrary\steamapps\common\Lethal Company\BepInEx\plugins\CustomSounds\Minecraft Doors\BigDoorOpen.wav from path: D:\SteamLibrary\steamapps\common\Lethal Company\BepInEx\plugins\CustomSounds\Minecraft Doors\BigDoorOpen.wav
[Debug  :LCSoundTool] Finished loading AudioClip D:\SteamLibrary\steamapps\common\Lethal Company\BepInEx\plugins\CustomSounds\Minecraft Doors\BigDoorOpen.wav with length of 0,553!
[Info   : Unity Log] FilePath: D:\SteamLibrary\steamapps\common\Lethal Company\BepInEx\plugins\CustomSounds\Minecraft Doors\DoorClose1.wav
[Info   : Unity Log] Sound replaced: DoorClose1 (File Extension = wav)
[Debug  :LCSoundTool] Loading AudioClip D:\SteamLibrary\steamapps\common\Lethal Company\BepInEx\plugins\CustomSounds\Minecraft Doors\DoorClose1.wav from path: D:\SteamLibrary\steamapps\common\Lethal Company\BepInEx\plugins\CustomSounds\Minecraft Doors\DoorClose1.wav
[Debug  :LCSoundTool] Finished loading AudioClip D:\SteamLibrary\steamapps\common\Lethal Company\BepInEx\plugins\CustomSounds\Minecraft Doors\DoorClose1.wav with length of 0,301!
[Info   : Unity Log] FilePath: D:\SteamLibrary\steamapps\common\Lethal Company\BepInEx\plugins\CustomSounds\Minecraft Doors\DoorClose2.wav
[Info   : Unity Log] Sound replaced: DoorClose2 (File Extension = wav)
[Debug  :LCSoundTool] Loading AudioClip D:\SteamLibrary\steamapps\common\Lethal Company\BepInEx\plugins\CustomSounds\Minecraft Doors\DoorClose2.wav from path: D:\SteamLibrary\steamapps\common\Lethal Company\BepInEx\plugins\CustomSounds\Minecraft Doors\DoorClose2.wav
[Debug  :LCSoundTool] Finished loading AudioClip D:\SteamLibrary\steamapps\common\Lethal Company\BepInEx\plugins\CustomSounds\Minecraft Doors\DoorClose2.wav with length of 0,301!
[Info   : Unity Log] FilePath: D:\SteamLibrary\steamapps\common\Lethal Company\BepInEx\plugins\CustomSounds\Minecraft Doors\DoorOpen1.wav
[Info   : Unity Log] Sound replaced: DoorOpen1 (File Extension = wav)
[Debug  :LCSoundTool] Loading AudioClip D:\SteamLibrary\steamapps\common\Lethal Company\BepInEx\plugins\CustomSounds\Minecraft Doors\DoorOpen1.wav from path: D:\SteamLibrary\steamapps\common\Lethal Company\BepInEx\plugins\CustomSounds\Minecraft Doors\DoorOpen1.wav
[Debug  :LCSoundTool] Finished loading AudioClip D:\SteamLibrary\steamapps\common\Lethal Company\BepInEx\plugins\CustomSounds\Minecraft Doors\DoorOpen1.wav with length of 0,361!
[Info   : Unity Log] FilePath: D:\SteamLibrary\steamapps\common\Lethal Company\BepInEx\plugins\CustomSounds\Minecraft Doors\DoorOpen2.wav
[Info   : Unity Log] Sound replaced: DoorOpen2 (File Extension = wav)
[Debug  :LCSoundTool] Loading AudioClip D:\SteamLibrary\steamapps\common\Lethal Company\BepInEx\plugins\CustomSounds\Minecraft Doors\DoorOpen2.wav from path: D:\SteamLibrary\steamapps\common\Lethal Company\BepInEx\plugins\CustomSounds\Minecraft Doors\DoorOpen2.wav
[Debug  :LCSoundTool] Finished loading AudioClip D:\SteamLibrary\steamapps\common\Lethal Company\BepInEx\plugins\CustomSounds\Minecraft Doors\DoorOpen2.wav with length of 0,361!
[Info   : Unity Log] FilePath: D:\SteamLibrary\steamapps\common\Lethal Company\BepInEx\plugins\CustomSounds\Minecraft Doors\DoorSlam1.wav
[Info   : Unity Log] Sound replaced: DoorSlam1 (File Extension = wav)
[Debug  :LCSoundTool] Loading AudioClip D:\SteamLibrary\steamapps\common\Lethal Company\BepInEx\plugins\CustomSounds\Minecraft Doors\DoorSlam1.wav from path: D:\SteamLibrary\steamapps\common\Lethal Company\BepInEx\plugins\CustomSounds\Minecraft Doors\DoorSlam1.wav
[Debug  :LCSoundTool] Finished loading AudioClip D:\SteamLibrary\steamapps\common\Lethal Company\BepInEx\plugins\CustomSounds\Minecraft Doors\DoorSlam1.wav with length of 0,54!
[Info   : Unity Log] FilePath: D:\SteamLibrary\steamapps\common\Lethal Company\BepInEx\plugins\CustomSounds\Minecraft Doors\DoorSlam2.wav
[Info   : Unity Log] Sound replaced: DoorSlam2 (File Extension = wav)
[Debug  :LCSoundTool] Loading AudioClip D:\SteamLibrary\steamapps\common\Lethal Company\BepInEx\plugins\CustomSounds\Minecraft Doors\DoorSlam2.wav from path: D:\SteamLibrary\steamapps\common\Lethal Company\BepInEx\plugins\CustomSounds\Minecraft Doors\DoorSlam2.wav
[Debug  :LCSoundTool] Finished loading AudioClip D:\SteamLibrary\steamapps\common\Lethal Company\BepInEx\plugins\CustomSounds\Minecraft Doors\DoorSlam2.wav with length of 0,54!
[Info   : Unity Log] FilePath: D:\SteamLibrary\steamapps\common\Lethal Company\BepInEx\plugins\CustomSounds\Minecraft Doors\DoorUnlock.wav
[Info   : Unity Log] Sound replaced: DoorUnlock (File Extension = wav)
[Debug  :LCSoundTool] Loading AudioClip D:\SteamLibrary\steamapps\common\Lethal Company\BepInEx\plugins\CustomSounds\Minecraft Doors\DoorUnlock.wav from path: D:\SteamLibrary\steamapps\common\Lethal Company\BepInEx\plugins\CustomSounds\Minecraft Doors\DoorUnlock.wav
[Debug  :LCSoundTool] Finished loading AudioClip D:\SteamLibrary\steamapps\common\Lethal Company\BepInEx\plugins\CustomSounds\Minecraft Doors\DoorUnlock.wav with length of 0,33!
[Info   : Unity Log] FilePath: D:\SteamLibrary\steamapps\common\Lethal Company\BepInEx\plugins\CustomSounds\Minecraft Doors\DoorUnlock2.wav
[Info   : Unity Log] Sound replaced: DoorUnlock2 (File Extension = wav)
[Debug  :LCSoundTool] Loading AudioClip D:\SteamLibrary\steamapps\common\Lethal Company\BepInEx\plugins\CustomSounds\Minecraft Doors\DoorUnlock2.wav from path: D:\SteamLibrary\steamapps\common\Lethal Company\BepInEx\plugins\CustomSounds\Minecraft Doors\DoorUnlock2.wav
[Debug  :LCSoundTool] Finished loading AudioClip D:\SteamLibrary\steamapps\common\Lethal Company\BepInEx\plugins\CustomSounds\Minecraft Doors\DoorUnlock2.wav with length of 0,33!
[Info   : Unity Log] FilePath: D:\SteamLibrary\steamapps\common\Lethal Company\BepInEx\plugins\CustomSounds\Minecraft Doors\HangarDoorOpen1.wav
[Info   : Unity Log] Sound replaced: HangarDoorOpen1 (File Extension = wav)
[Debug  :LCSoundTool] Loading AudioClip D:\SteamLibrary\steamapps\common\Lethal Company\BepInEx\plugins\CustomSounds\Minecraft Doors\HangarDoorOpen1.wav from path: D:\SteamLibrary\steamapps\common\Lethal Company\BepInEx\plugins\CustomSounds\Minecraft Doors\HangarDoorOpen1.wav
[Debug  :LCSoundTool] Finished loading AudioClip D:\SteamLibrary\steamapps\common\Lethal Company\BepInEx\plugins\CustomSounds\Minecraft Doors\HangarDoorOpen1.wav with length of 0,841!
[Info   : Unity Log] FilePath: D:\SteamLibrary\steamapps\common\Lethal Company\BepInEx\plugins\CustomSounds\Minecraft Doors\HangarDoorShut.wav
[Info   : Unity Log] Sound replaced: HangarDoorShut (File Extension = wav)
[Debug  :LCSoundTool] Loading AudioClip D:\SteamLibrary\steamapps\common\Lethal Company\BepInEx\plugins\CustomSounds\Minecraft Doors\HangarDoorShut.wav from path: D:\SteamLibrary\steamapps\common\Lethal Company\BepInEx\plugins\CustomSounds\Minecraft Doors\HangarDoorShut.wav
[Debug  :LCSoundTool] Finished loading AudioClip D:\SteamLibrary\steamapps\common\Lethal Company\BepInEx\plugins\CustomSounds\Minecraft Doors\HangarDoorShut.wav with length of 0,871!
[Info   : Unity Log] FilePath: D:\SteamLibrary\steamapps\common\Lethal Company\BepInEx\plugins\CustomSounds\Minecraft Doors\MetalHatchClose.wav
[Info   : Unity Log] Sound replaced: MetalHatchClose (File Extension = wav)
[Debug  :LCSoundTool] Loading AudioClip D:\SteamLibrary\steamapps\common\Lethal Company\BepInEx\plugins\CustomSounds\Minecraft Doors\MetalHatchClose.wav from path: D:\SteamLibrary\steamapps\common\Lethal Company\BepInEx\plugins\CustomSounds\Minecraft Doors\MetalHatchClose.wav
[Debug  :LCSoundTool] Finished loading AudioClip D:\SteamLibrary\steamapps\common\Lethal Company\BepInEx\plugins\CustomSounds\Minecraft Doors\MetalHatchClose.wav with length of 0,438!
[Info   : Unity Log] FilePath: D:\SteamLibrary\steamapps\common\Lethal Company\BepInEx\plugins\CustomSounds\Minecraft Doors\MetalHatchOpen.wav
[Info   : Unity Log] Sound replaced: MetalHatchOpen (File Extension = wav)
[Debug  :LCSoundTool] Loading AudioClip D:\SteamLibrary\steamapps\common\Lethal Company\BepInEx\plugins\CustomSounds\Minecraft Doors\MetalHatchOpen.wav from path: D:\SteamLibrary\steamapps\common\Lethal Company\BepInEx\plugins\CustomSounds\Minecraft Doors\MetalHatchOpen.wav
[Debug  :LCSoundTool] Finished loading AudioClip D:\SteamLibrary\steamapps\common\Lethal Company\BepInEx\plugins\CustomSounds\Minecraft Doors\MetalHatchOpen.wav with length of 0,474!
[Info   : Unity Log] FilePath: D:\SteamLibrary\steamapps\common\Lethal Company\BepInEx\plugins\CustomSounds\SecretMod\IcecreamTruckChristmasFar.wav
[Info   : Unity Log] Sound replaced: IcecreamTruckChristmasFar (File Extension = wav)
[Debug  :LCSoundTool] Loading AudioClip D:\SteamLibrary\steamapps\common\Lethal Company\BepInEx\plugins\CustomSounds\SecretMod\IcecreamTruckChristmasFar.wav from path: D:\SteamLibrary\steamapps\common\Lethal Company\BepInEx\plugins\CustomSounds\SecretMod\IcecreamTruckChristmasFar.wav
[Debug  :LCSoundTool] Finished loading AudioClip D:\SteamLibrary\steamapps\common\Lethal Company\BepInEx\plugins\CustomSounds\SecretMod\IcecreamTruckChristmasFar.wav with length of 12,247!
[Info   : Unity Log] FilePath: D:\SteamLibrary\steamapps\common\Lethal Company\BepInEx\plugins\CustomSounds\SecretMod\IcecreamTruckFar.wav
[Info   : Unity Log] Sound replaced: IcecreamTruckFar (File Extension = wav)
[Debug  :LCSoundTool] Loading AudioClip D:\SteamLibrary\steamapps\common\Lethal Company\BepInEx\plugins\CustomSounds\SecretMod\IcecreamTruckFar.wav from path: D:\SteamLibrary\steamapps\common\Lethal Company\BepInEx\plugins\CustomSounds\SecretMod\IcecreamTruckFar.wav
[Debug  :LCSoundTool] Finished loading AudioClip D:\SteamLibrary\steamapps\common\Lethal Company\BepInEx\plugins\CustomSounds\SecretMod\IcecreamTruckFar.wav with length of 12,247!
[Info   : Unity Log] FilePath: D:\SteamLibrary\steamapps\common\Lethal Company\BepInEx\plugins\CustomSounds\SecretMod\IcecreamTruckV2.wav
[Info   : Unity Log] Sound replaced: IcecreamTruckV2 (File Extension = wav)
[Debug  :LCSoundTool] Loading AudioClip D:\SteamLibrary\steamapps\common\Lethal Company\BepInEx\plugins\CustomSounds\SecretMod\IcecreamTruckV2.wav from path: D:\SteamLibrary\steamapps\common\Lethal Company\BepInEx\plugins\CustomSounds\SecretMod\IcecreamTruckV2.wav
[Debug  :LCSoundTool] Finished loading AudioClip D:\SteamLibrary\steamapps\common\Lethal Company\BepInEx\plugins\CustomSounds\SecretMod\IcecreamTruckV2.wav with length of 12,066!
[Info   : Unity Log] FilePath: D:\SteamLibrary\steamapps\common\Lethal Company\BepInEx\plugins\CustomSounds\SecretMod\IcecreamTruckV2Christmas.wav
[Info   : Unity Log] Sound replaced: IcecreamTruckV2Christmas (File Extension = wav)
[Debug  :LCSoundTool] Loading AudioClip D:\SteamLibrary\steamapps\common\Lethal Company\BepInEx\plugins\CustomSounds\SecretMod\IcecreamTruckV2Christmas.wav from path: D:\SteamLibrary\steamapps\common\Lethal Company\BepInEx\plugins\CustomSounds\SecretMod\IcecreamTruckV2Christmas.wav
[Debug  :LCSoundTool] Finished loading AudioClip D:\SteamLibrary\steamapps\common\Lethal Company\BepInEx\plugins\CustomSounds\SecretMod\IcecreamTruckV2Christmas.wav with length of 12,066!
[Warning:LCSoundTool] Networking disabled. Mod in fully client side mode, but no networked actions can take place! You can safely ignore this if you want the mod to run fully client side.
[Info   :ControlCompany.ControlCompany] Initial keybind load
[Info   :ControlCompany.ControlCompany] Loading config
[Info   :ControlCompany.ControlCompany] Done loading keybinds
[Debug  :   BepInEx] [UnityInput] Unknown key name: OEM1, skipping remapping
[Debug  :   BepInEx] [UnityInput] Unknown key name: OEM2, skipping remapping
[Debug  :   BepInEx] [UnityInput] Unknown key name: OEM3, skipping remapping
[Debug  :   BepInEx] [UnityInput] Unknown key name: OEM4, skipping remapping
[Debug  :   BepInEx] [UnityInput] Unknown key name: OEM5, skipping remapping
[Debug  :   BepInEx] [UnityInput] Unknown key name: IMESelected, skipping remapping
[Debug  :   BepInEx] [UnityInput] Using NewInputSystem
[Info   :RugbugRedfern.SkinwalkerMod] Audio folder not present. Don't worry about it, it will be created automatically when you play with friends. (D:/SteamLibrary/steamapps/common/Lethal Company/Lethal Company_Data\..\Dissonance_Diagnostics)
[Info   :RugbugRedfern.SkinwalkerMod] Audio folder not present. Don't worry about it, it will be created automatically when you play with friends. (D:/SteamLibrary/steamapps/common/Lethal Company/Lethal Company_Data\..\Dissonance_Diagnostics)
[Info   :RugbugRedfern.SkinwalkerMod] Audio folder not present. Don't worry about it, it will be created automatically when you play with friends. (D:/SteamLibrary/steamapps/common/Lethal Company/Lethal Company_Data\..\Dissonance_Diagnostics)
[Info   :RugbugRedfern.SkinwalkerMod] Audio folder not present. Don't worry about it, it will be created automatically when you play with friends. (D:/SteamLibrary/steamapps/common/Lethal Company/Lethal Company_Data\..\Dissonance_Diagnostics)
[Info   :RugbugRedfern.SkinwalkerMod] Audio folder not present. Don't worry about it, it will be created automatically when you play with friends. (D:/SteamLibrary/steamapps/common/Lethal Company/Lethal Company_Data\..\Dissonance_Diagnostics)
[Info   :RugbugRedfern.SkinwalkerMod] Audio folder not present. Don't worry about it, it will be created automatically when you play with friends. (D:/SteamLibrary/steamapps/common/Lethal Company/Lethal Company_Data\..\Dissonance_Diagnostics)
[Info   :RugbugRedfern.SkinwalkerMod] Audio folder not present. Don't worry about it, it will be created automatically when you play with friends. (D:/SteamLibrary/steamapps/common/Lethal Company/Lethal Company_Data\..\Dissonance_Diagnostics)
[Info   :RugbugRedfern.SkinwalkerMod] Audio folder not present. Don't worry about it, it will be created automatically when you play with friends. (D:/SteamLibrary/steamapps/common/Lethal Company/Lethal Company_Data\..\Dissonance_Diagnostics)
[Info   :RugbugRedfern.SkinwalkerMod] Audio folder not present. Don't worry about it, it will be created automatically when you play with friends. (D:/SteamLibrary/steamapps/common/Lethal Company/Lethal Company_Data\..\Dissonance_Diagnostics)
[Info   :RugbugRedfern.SkinwalkerMod] Audio folder not present. Don't worry about it, it will be created automatically when you play with friends. (D:/SteamLibrary/steamapps/common/Lethal Company/Lethal Company_Data\..\Dissonance_Diagnostics)
[Info   :RugbugRedfern.SkinwalkerMod] Audio folder not present. Don't worry about it, it will be created automatically when you play with friends. (D:/SteamLibrary/steamapps/common/Lethal Company/Lethal Company_Data\..\Dissonance_Diagnostics)
[Info   :RugbugRedfern.SkinwalkerMod] Audio folder not present. Don't worry about it, it will be created automatically when you play with friends. (D:/SteamLibrary/steamapps/common/Lethal Company/Lethal Company_Data\..\Dissonance_Diagnostics)
[Info   :RugbugRedfern.SkinwalkerMod] Audio folder not present. Don't worry about it, it will be created automatically when you play with friends. (D:/SteamLibrary/steamapps/common/Lethal Company/Lethal Company_Data\..\Dissonance_Diagnostics)
[Info   :RugbugRedfern.SkinwalkerMod] Audio folder not present. Don't worry about it, it will be created automatically when you play with friends. (D:/SteamLibrary/steamapps/common/Lethal Company/Lethal Company_Data\..\Dissonance_Diagnostics)
[Info   :RugbugRedfern.SkinwalkerMod] Audio folder not present. Don't worry about it, it will be created automatically when you play with friends. (D:/SteamLibrary/steamapps/common/Lethal Company/Lethal Company_Data\..\Dissonance_Diagnostics)
[Info   :RugbugRedfern.SkinwalkerMod] Audio folder not present. Don't worry about it, it will be created automatically when you play with friends. (D:/SteamLibrary/steamapps/common/Lethal Company/Lethal Company_Data\..\Dissonance_Diagnostics)
[Info   :RugbugRedfern.SkinwalkerMod] Audio folder not present. Don't worry about it, it will be created automatically when you play with friends. (D:/SteamLibrary/steamapps/common/Lethal Company/Lethal Company_Data\..\Dissonance_Diagnostics)
[Info   :RugbugRedfern.SkinwalkerMod] Audio folder not present. Don't worry about it, it will be created automatically when you play with friends. (D:/SteamLibrary/steamapps/common/Lethal Company/Lethal Company_Data\..\Dissonance_Diagnostics)
[Info   :RugbugRedfern.SkinwalkerMod] Audio folder not present. Don't worry about it, it will be created automatically when you play with friends. (D:/SteamLibrary/steamapps/common/Lethal Company/Lethal Company_Data\..\Dissonance_Diagnostics)
[Info   :RugbugRedfern.SkinwalkerMod] Audio folder not present. Don't worry about it, it will be created automatically when you play with friends. (D:/SteamLibrary/steamapps/common/Lethal Company/Lethal Company_Data\..\Dissonance_Diagnostics)
[Info   :RugbugRedfern.SkinwalkerMod] Audio folder not present. Don't worry about it, it will be created automatically when you play with friends. (D:/SteamLibrary/steamapps/common/Lethal Company/Lethal Company_Data\..\Dissonance_Diagnostics)
[Info   :RugbugRedfern.SkinwalkerMod] Audio folder not present. Don't worry about it, it will be created automatically when you play with friends. (D:/SteamLibrary/steamapps/common/Lethal Company/Lethal Company_Data\..\Dissonance_Diagnostics)
[Info   :RugbugRedfern.SkinwalkerMod] Audio folder not present. Don't worry about it, it will be created automatically when you play with friends. (D:/SteamLibrary/steamapps/common/Lethal Company/Lethal Company_Data\..\Dissonance_Diagnostics)
[Info   :RugbugRedfern.SkinwalkerMod] Audio folder not present. Don't worry about it, it will be created automatically when you play with friends. (D:/SteamLibrary/steamapps/common/Lethal Company/Lethal Company_Data\..\Dissonance_Diagnostics)
[Info   :RugbugRedfern.SkinwalkerMod] Audio folder not present. Don't worry about it, it will be created automatically when you play with friends. (D:/SteamLibrary/steamapps/common/Lethal Company/Lethal Company_Data\..\Dissonance_Diagnostics)
[Info   :RugbugRedfern.SkinwalkerMod] Audio folder not present. Don't worry about it, it will be created automatically when you play with friends. (D:/SteamLibrary/steamapps/common/Lethal Company/Lethal Company_Data\..\Dissonance_Diagnostics)
[Info   :RugbugRedfern.SkinwalkerMod] Audio folder not present. Don't worry about it, it will be created automatically when you play with friends. (D:/SteamLibrary/steamapps/common/Lethal Company/Lethal Company_Data\..\Dissonance_Diagnostics)
[Info   :RugbugRedfern.SkinwalkerMod] Audio folder not present. Don't worry about it, it will be created automatically when you play with friends. (D:/SteamLibrary/steamapps/common/Lethal Company/Lethal Company_Data\..\Dissonance_Diagnostics)
[Info   :RugbugRedfern.SkinwalkerMod] Audio folder not present. Don't worry about it, it will be created automatically when you play with friends. (D:/SteamLibrary/steamapps/common/Lethal Company/Lethal Company_Data\..\Dissonance_Diagnostics)
[Info   :RugbugRedfern.SkinwalkerMod] Audio folder not present. Don't worry about it, it will be created automatically when you play with friends. (D:/SteamLibrary/steamapps/common/Lethal Company/Lethal Company_Data\..\Dissonance_Diagnostics)
[Info   :RugbugRedfern.SkinwalkerMod] Audio folder not present. Don't worry about it, it will be created automatically when you play with friends. (D:/SteamLibrary/steamapps/common/Lethal Company/Lethal Company_Data\..\Dissonance_Diagnostics)
[Info   :RugbugRedfern.SkinwalkerMod] Audio folder not present. Don't worry about it, it will be created automatically when you play with friends. (D:/SteamLibrary/steamapps/common/Lethal Company/Lethal Company_Data\..\Dissonance_Diagnostics)
[Info   :RugbugRedfern.SkinwalkerMod] Audio folder not present. Don't worry about it, it will be created automatically when you play with friends. (D:/SteamLibrary/steamapps/common/Lethal Company/Lethal Company_Data\..\Dissonance_Diagnostics)
[Info   :RugbugRedfern.SkinwalkerMod] Audio folder not present. Don't worry about it, it will be created automatically when you play with friends. (D:/SteamLibrary/steamapps/common/Lethal Company/Lethal Company_Data\..\Dissonance_Diagnostics)
[Info   :RugbugRedfern.SkinwalkerMod] Audio folder not present. Don't worry about it, it will be created automatically when you play with friends. (D:/SteamLibrary/steamapps/common/Lethal Company/Lethal Company_Data\..\Dissonance_Diagnostics)
[Info   :RugbugRedfern.SkinwalkerMod] Audio folder not present. Don't worry about it, it will be created automatically when you play with friends. (D:/SteamLibrary/steamapps/common/Lethal Company/Lethal Company_Data\..\Dissonance_Diagnostics)
[Info   :RugbugRedfern.SkinwalkerMod] Audio folder not present. Don't worry about it, it will be created automatically when you play with friends. (D:/SteamLibrary/steamapps/common/Lethal Company/Lethal Company_Data\..\Dissonance_Diagnostics)
[Info   :RugbugRedfern.SkinwalkerMod] Audio folder not present. Don't worry about it, it will be created automatically when you play with friends. (D:/SteamLibrary/steamapps/common/Lethal Company/Lethal Company_Data\..\Dissonance_Diagnostics)
[Info   :RugbugRedfern.SkinwalkerMod] Audio folder not present. Don't worry about it, it will be created automatically when you play with friends. (D:/SteamLibrary/steamapps/common/Lethal Company/Lethal Company_Data\..\Dissonance_Diagnostics)
[Info   :RugbugRedfern.SkinwalkerMod] Audio folder not present. Don't worry about it, it will be created automatically when you play with friends. (D:/SteamLibrary/steamapps/common/Lethal Company/Lethal Company_Data\..\Dissonance_Diagnostics)
[Info   :RugbugRedfern.SkinwalkerMod] Audio folder not present. Don't worry about it, it will be created automatically when you play with friends. (D:/SteamLibrary/steamapps/common/Lethal Company/Lethal Company_Data\..\Dissonance_Diagnostics)
[Info   :RugbugRedfern.SkinwalkerMod] Audio folder not present. Don't worry about it, it will be created automatically when you play with friends. (D:/SteamLibrary/steamapps/common/Lethal Company/Lethal Company_Data\..\Dissonance_Diagnostics)
[Info   :RugbugRedfern.SkinwalkerMod] Audio folder not present. Don't worry about it, it will be created automatically when you play with friends. (D:/SteamLibrary/steamapps/common/Lethal Company/Lethal Company_Data\..\Dissonance_Diagnostics)
[Info   :RugbugRedfern.SkinwalkerMod] Audio folder not present. Don't worry about it, it will be created automatically when you play with friends. (D:/SteamLibrary/steamapps/common/Lethal Company/Lethal Company_Data\..\Dissonance_Diagnostics)
[Info   :RugbugRedfern.SkinwalkerMod] Audio folder not present. Don't worry about it, it will be created automatically when you play with friends. (D:/SteamLibrary/steamapps/common/Lethal Company/Lethal Company_Data\..\Dissonance_Diagnostics)
[Info   :RugbugRedfern.SkinwalkerMod] Audio folder not present. Don't worry about it, it will be created automatically when you play with friends. (D:/SteamLibrary/steamapps/common/Lethal Company/Lethal Company_Data\..\Dissonance_Diagnostics)
[Info   :RugbugRedfern.SkinwalkerMod] Audio folder not present. Don't worry about it, it will be created automatically when you play with friends. (D:/SteamLibrary/steamapps/common/Lethal Company/Lethal Company_Data\..\Dissonance_Diagnostics)
[Info   :RugbugRedfern.SkinwalkerMod] Audio folder not present. Don't worry about it, it will be created automatically when you play with friends. (D:/SteamLibrary/steamapps/common/Lethal Company/Lethal Company_Data\..\Dissonance_Diagnostics)
[Info   :RugbugRedfern.SkinwalkerMod] Audio folder not present. Don't worry about it, it will be created automatically when you play with friends. (D:/SteamLibrary/steamapps/common/Lethal Company/Lethal Company_Data\..\Dissonance_Diagnostics)
[Info   :RugbugRedfern.SkinwalkerMod] Audio folder not present. Don't worry about it, it will be created automatically when you play with friends. (D:/SteamLibrary/steamapps/common/Lethal Company/Lethal Company_Data\..\Dissonance_Diagnostics)
[Info   :RugbugRedfern.SkinwalkerMod] Audio folder not present. Don't worry about it, it will be created automatically when you play with friends. (D:/SteamLibrary/steamapps/common/Lethal Company/Lethal Company_Data\..\Dissonance_Diagnostics)
[Info   :RugbugRedfern.SkinwalkerMod] Audio folder not present. Don't worry about it, it will be created automatically when you play with friends. (D:/SteamLibrary/steamapps/common/Lethal Company/Lethal Company_Data\..\Dissonance_Diagnostics)
[Info   :RugbugRedfern.SkinwalkerMod] Audio folder not present. Don't worry about it, it will be created automatically when you play with friends. (D:/SteamLibrary/steamapps/common/Lethal Company/Lethal Company_Data\..\Dissonance_Diagnostics)
[Info   :RugbugRedfern.SkinwalkerMod] Audio folder not present. Don't worry about it, it will be created automatically when you play with friends. (D:/SteamLibrary/steamapps/common/Lethal Company/Lethal Company_Data\..\Dissonance_Diagnostics)
[Info   :RugbugRedfern.SkinwalkerMod] Audio folder not present. Don't worry about it, it will be created automatically when you play with friends. (D:/SteamLibrary/steamapps/common/Lethal Company/Lethal Company_Data\..\Dissonance_Diagnostics)
[Info   :RugbugRedfern.SkinwalkerMod] Audio folder not present. Don't worry about it, it will be created automatically when you play with friends. (D:/SteamLibrary/steamapps/common/Lethal Company/Lethal Company_Data\..\Dissonance_Diagnostics)
[Info   :RugbugRedfern.SkinwalkerMod] Audio folder not present. Don't worry about it, it will be created automatically when you play with friends. (D:/SteamLibrary/steamapps/common/Lethal Company/Lethal Company_Data\..\Dissonance_Diagnostics)
[Info   :RugbugRedfern.SkinwalkerMod] Audio folder not present. Don't worry about it, it will be created automatically when you play with friends. (D:/SteamLibrary/steamapps/common/Lethal Company/Lethal Company_Data\..\Dissonance_Diagnostics)
[Info   :RugbugRedfern.SkinwalkerMod] Audio folder not present. Don't worry about it, it will be created automatically when you play with friends. (D:/SteamLibrary/steamapps/common/Lethal Company/Lethal Company_Data\..\Dissonance_Diagnostics)
[Info   :RugbugRedfern.SkinwalkerMod] Audio folder not present. Don't worry about it, it will be created automatically when you play with friends. (D:/SteamLibrary/steamapps/common/Lethal Company/Lethal Company_Data\..\Dissonance_Diagnostics)
[Info   :RugbugRedfern.SkinwalkerMod] Audio folder not present. Don't worry about it, it will be created automatically when you play with friends. (D:/SteamLibrary/steamapps/common/Lethal Company/Lethal Company_Data\..\Dissonance_Diagnostics)
[Info   :RugbugRedfern.SkinwalkerMod] Audio folder not present. Don't worry about it, it will be created automatically when you play with friends. (D:/SteamLibrary/steamapps/common/Lethal Company/Lethal Company_Data\..\Dissonance_Diagnostics)
[Info   :RugbugRedfern.SkinwalkerMod] Audio folder not present. Don't worry about it, it will be created automatically when you play with friends. (D:/SteamLibrary/steamapps/common/Lethal Company/Lethal Company_Data\..\Dissonance_Diagnostics)
[Info   :RugbugRedfern.SkinwalkerMod] Audio folder not present. Don't worry about it, it will be created automatically when you play with friends. (D:/SteamLibrary/steamapps/common/Lethal Company/Lethal Company_Data\..\Dissonance_Diagnostics)
[Info   :RugbugRedfern.SkinwalkerMod] Audio folder not present. Don't worry about it, it will be created automatically when you play with friends. (D:/SteamLibrary/steamapps/common/Lethal Company/Lethal Company_Data\..\Dissonance_Diagnostics)
[Info   :RugbugRedfern.SkinwalkerMod] Audio folder not present. Don't worry about it, it will be created automatically when you play with friends. (D:/SteamLibrary/steamapps/common/Lethal Company/Lethal Company_Data\..\Dissonance_Diagnostics)
[Info   :RugbugRedfern.SkinwalkerMod] Audio folder not present. Don't worry about it, it will be created automatically when you play with friends. (D:/SteamLibrary/steamapps/common/Lethal Company/Lethal Company_Data\..\Dissonance_Diagnostics)
[Info   :RugbugRedfern.SkinwalkerMod] Audio folder not present. Don't worry about it, it will be created automatically when you play with friends. (D:/SteamLibrary/steamapps/common/Lethal Company/Lethal Company_Data\..\Dissonance_Diagnostics)
[Info   :RugbugRedfern.SkinwalkerMod] Audio folder not present. Don't worry about it, it will be created automatically when you play with friends. (D:/SteamLibrary/steamapps/common/Lethal Company/Lethal Company_Data\..\Dissonance_Diagnostics)
[Info   :RugbugRedfern.SkinwalkerMod] Audio folder not present. Don't worry about it, it will be created automatically when you play with friends. (D:/SteamLibrary/steamapps/common/Lethal Company/Lethal Company_Data\..\Dissonance_Diagnostics)
[Info   :RugbugRedfern.SkinwalkerMod] Audio folder not present. Don't worry about it, it will be created automatically when you play with friends. (D:/SteamLibrary/steamapps/common/Lethal Company/Lethal Company_Data\..\Dissonance_Diagnostics)
[Info   :RugbugRedfern.SkinwalkerMod] Audio folder not present. Don't worry about it, it will be created automatically when you play with friends. (D:/SteamLibrary/steamapps/common/Lethal Company/Lethal Company_Data\..\Dissonance_Diagnostics)
[Info   :RugbugRedfern.SkinwalkerMod] Audio folder not present. Don't worry about it, it will be created automatically when you play with friends. (D:/SteamLibrary/steamapps/common/Lethal Company/Lethal Company_Data\..\Dissonance_Diagnostics)
[Info   :RugbugRedfern.SkinwalkerMod] Audio folder not present. Don't worry about it, it will be created automatically when you play with friends. (D:/SteamLibrary/steamapps/common/Lethal Company/Lethal Company_Data\..\Dissonance_Diagnostics)
[Info   :RugbugRedfern.SkinwalkerMod] Audio folder not present. Don't worry about it, it will be created automatically when you play with friends. (D:/SteamLibrary/steamapps/common/Lethal Company/Lethal Company_Data\..\Dissonance_Diagnostics)
[Info   :RugbugRedfern.SkinwalkerMod] Audio folder not present. Don't worry about it, it will be created automatically when you play with friends. (D:/SteamLibrary/steamapps/common/Lethal Company/Lethal Company_Data\..\Dissonance_Diagnostics)
[Info   :RugbugRedfern.SkinwalkerMod] Audio folder not present. Don't worry about it, it will be created automatically when you play with friends. (D:/SteamLibrary/steamapps/common/Lethal Company/Lethal Company_Data\..\Dissonance_Diagnostics)
[Info   :RugbugRedfern.SkinwalkerMod] Audio folder not present. Don't worry about it, it will be created automatically when you play with friends. (D:/SteamLibrary/steamapps/common/Lethal Company/Lethal Company_Data\..\Dissonance_Diagnostics)
[Info   :RugbugRedfern.SkinwalkerMod] Audio folder not present. Don't worry about it, it will be created automatically when you play with friends. (D:/SteamLibrary/steamapps/common/Lethal Company/Lethal Company_Data\..\Dissonance_Diagnostics)
[Info   :RugbugRedfern.SkinwalkerMod] Audio folder not present. Don't worry about it, it will be created automatically when you play with friends. (D:/SteamLibrary/steamapps/common/Lethal Company/Lethal Company_Data\..\Dissonance_Diagnostics)
[Info   :RugbugRedfern.SkinwalkerMod] Audio folder not present. Don't worry about it, it will be created automatically when you play with friends. (D:/SteamLibrary/steamapps/common/Lethal Company/Lethal Company_Data\..\Dissonance_Diagnostics)
[Info   :RugbugRedfern.SkinwalkerMod] Audio folder not present. Don't worry about it, it will be created automatically when you play with friends. (D:/SteamLibrary/steamapps/common/Lethal Company/Lethal Company_Data\..\Dissonance_Diagnostics)
[Info   :RugbugRedfern.SkinwalkerMod] Audio folder not present. Don't worry about it, it will be created automatically when you play with friends. (D:/SteamLibrary/steamapps/common/Lethal Company/Lethal Company_Data\..\Dissonance_Diagnostics)
[Info   :RugbugRedfern.SkinwalkerMod] Audio folder not present. Don't worry about it, it will be created automatically when you play with friends. (D:/SteamLibrary/steamapps/common/Lethal Company/Lethal Company_Data\..\Dissonance_Diagnostics)
[Info   :RugbugRedfern.SkinwalkerMod] Audio folder not present. Don't worry about it, it will be created automatically when you play with friends. (D:/SteamLibrary/steamapps/common/Lethal Company/Lethal Company_Data\..\Dissonance_Diagnostics)
[Info   :RugbugRedfern.SkinwalkerMod] Audio folder not present. Don't worry about it, it will be created automatically when you play with friends. (D:/SteamLibrary/steamapps/common/Lethal Company/Lethal Company_Data\..\Dissonance_Diagnostics)
[Info   :RugbugRedfern.SkinwalkerMod] Audio folder not present. Don't worry about it, it will be created automatically when you play with friends. (D:/SteamLibrary/steamapps/common/Lethal Company/Lethal Company_Data\..\Dissonance_Diagnostics)
[Info   :RugbugRedfern.SkinwalkerMod] Audio folder not present. Don't worry about it, it will be created automatically when you play with friends. (D:/SteamLibrary/steamapps/common/Lethal Company/Lethal Company_Data\..\Dissonance_Diagnostics)
[Info   :RugbugRedfern.SkinwalkerMod] Audio folder not present. Don't worry about it, it will be created automatically when you play with friends. (D:/SteamLibrary/steamapps/common/Lethal Company/Lethal Company_Data\..\Dissonance_Diagnostics)
[Info   :RugbugRedfern.SkinwalkerMod] Audio folder not present. Don't worry about it, it will be created automatically when you play with friends. (D:/SteamLibrary/steamapps/common/Lethal Company/Lethal Company_Data\..\Dissonance_Diagnostics)
[Info   :RugbugRedfern.SkinwalkerMod] Audio folder not present. Don't worry about it, it will be created automatically when you play with friends. (D:/SteamLibrary/steamapps/common/Lethal Company/Lethal Company_Data\..\Dissonance_Diagnostics)
[Info   :RugbugRedfern.SkinwalkerMod] Audio folder not present. Don't worry about it, it will be created automatically when you play with friends. (D:/SteamLibrary/steamapps/common/Lethal Company/Lethal Company_Data\..\Dissonance_Diagnostics)
[Info   :RugbugRedfern.SkinwalkerMod] Audio folder not present. Don't worry about it, it will be created automatically when you play with friends. (D:/SteamLibrary/steamapps/common/Lethal Company/Lethal Company_Data\..\Dissonance_Diagnostics)
[Info   :RugbugRedfern.SkinwalkerMod] Audio folder not present. Don't worry about it, it will be created automatically when you play with friends. (D:/SteamLibrary/steamapps/common/Lethal Company/Lethal Company_Data\..\Dissonance_Diagnostics)
[Info   :RugbugRedfern.SkinwalkerMod] Audio folder not present. Don't worry about it, it will be created automatically when you play with friends. (D:/SteamLibrary/steamapps/common/Lethal Company/Lethal Company_Data\..\Dissonance_Diagnostics)
[Info   :RugbugRedfern.SkinwalkerMod] Audio folder not present. Don't worry about it, it will be created automatically when you play with friends. (D:/SteamLibrary/steamapps/common/Lethal Company/Lethal Company_Data\..\Dissonance_Diagnostics)
[Info   :RugbugRedfern.SkinwalkerMod] Audio folder not present. Don't worry about it, it will be created automatically when you play with friends. (D:/SteamLibrary/steamapps/common/Lethal Company/Lethal Company_Data\..\Dissonance_Diagnostics)
[Info   :RugbugRedfern.SkinwalkerMod] Audio folder not present. Don't worry about it, it will be created automatically when you play with friends. (D:/SteamLibrary/steamapps/common/Lethal Company/Lethal Company_Data\..\Dissonance_Diagnostics)
[Info   :RugbugRedfern.SkinwalkerMod] Audio folder not present. Don't worry about it, it will be created automatically when you play with friends. (D:/SteamLibrary/steamapps/common/Lethal Company/Lethal Company_Data\..\Dissonance_Diagnostics)
